<?xml version="1.0" encoding="UTF-8"?>
<!-- Generated by org.testng.reporters.JUnitXMLReporter -->
<testsuite ignored="1" hostname="sravankumarc" failures="0" tests="3" name="Default test" time="0.098" errors="0" timestamp="2023-02-14T15:03:44 IST">
  <testcase classname="testNg.prac.Testnntest" name="m2" time="0.01"/>
  <testcase classname="testNg.prac.Testnntest" name="m3" time="0.002"/>
  <testcase classname="testNg.prac.Testnntest" name="m4" time="0.001"/>
  <testcase classname="testNg.prac.Testnntest" name="m1" time="0.0">
    <ignored/>
  </testcase> <!-- m1 -->
</testsuite> <!-- Default test -->
