<?xml version="1.0" encoding="UTF-8"?>
<!-- Generated by org.testng.reporters.JUnitXMLReporter -->
<testsuite ignored="0" hostname="sravankumarc" failures="0" tests="3" name="Test" time="39.916" errors="0" timestamp="2022-10-21T00:39:27 IST">
  <testcase classname="com.crm.vtigertestcases.Utility.CreateLeadTest" name="createLeadTest" time="37.05"/>
  <testcase classname="com.crm.vtigertestcases.Utility.CreateContactWithOrgnameTest" name="createConWithOrgnameTest" time="26.382"/>
  <testcase classname="com.crm.vtigertestcases.Utility.CreateorganisationTest" name="createOrganisationTest" time="37.537"/>
</testsuite> <!-- Test -->
