<?xml version="1.0" encoding="UTF-8"?>
<!-- Generated by org.testng.reporters.JUnitXMLReporter -->
<testsuite ignored="2" hostname="sravankumarc" failures="0" tests="2" name="Test" time="41.957" errors="0" timestamp="2022-10-19T11:44:50 IST">
  <testcase classname="com.crm.vtiger.testcases.CreateContactWithOrgNameTest" name="createConWithOrgNametest" time="14.698"/>
  <testcase classname="com.crm.vtiger.testcases.CreateOrganisationTest" name="createOrganisationTest" time="7.907"/>
  <testcase classname="genericUtility.BaseClass" name="@BeforeSuite connectDataBase" time="0.0">
    <ignored/>
  </testcase> <!-- @BeforeSuite connectDataBase -->
  <testcase classname="genericUtility.BaseClass" name="@AfterSuite disconnectDataBase" time="0.0">
    <ignored/>
  </testcase> <!-- @AfterSuite disconnectDataBase -->
</testsuite> <!-- Test -->
