<?xml version="1.0" encoding="UTF-8"?>
<testng-results ignored="0" total="1" passed="1" failed="0" skipped="0">
  <reporter-output>
  </reporter-output>
  <suite started-at="2022-10-27T12:47:51 IST" name="Default suite" finished-at="2022-10-27T12:47:52 IST" duration-ms="420">
    <groups>
    </groups>
    <test started-at="2022-10-27T12:47:51 IST" name="Default test" finished-at="2022-10-27T12:47:52 IST" duration-ms="420">
      <class name="jdbc.practice.ReaddatafromDB">
        <test-method signature="readDataTest()[pri:0, instance:jdbc.practice.ReaddatafromDB@6fd83fc1]" started-at="2022-10-27T12:47:51 IST" name="readDataTest" finished-at="2022-10-27T12:47:51 IST" duration-ms="379" status="PASS">
          <reporter-output>
          </reporter-output>
        </test-method> <!-- readDataTest -->
      </class> <!-- jdbc.practice.ReaddatafromDB -->
    </test> <!-- Default test -->
  </suite> <!-- Default suite -->
</testng-results>
